#
# A fatal error has been detected by the Java Runtime Environment:
#
#  Internal Error (classFileParser.cpp:3494), pid=4037, tid=139685252859648
#  Error: ShouldNotReachHere()
#
# JRE version: 6.0_27-b27
# Java VM: OpenJDK 64-Bit Server VM (20.0-b12 mixed mode linux-amd64 compressed oops)
# Derivative: IcedTea6 1.12.5
# Distribution: Ubuntu 12.04 LTS, package 6b27-1.12.5-0ubuntu0.12.04.1
# If you would like to submit a bug report, please include
# instructions how to reproduce the bug and visit:
#   https://bugs.launchpad.net/ubuntu/+source/openjdk-6/
#

---------------  T H R E A D  ---------------

Current thread (0x00007f0af8008000):  JavaThread "Unknown thread" [_thread_in_vm, id=4040, stack(0x00007f0b01d08000,0x00007f0b01e09000)]

Stack: [0x00007f0b01d08000,0x00007f0b01e09000],  sp=0x00007f0b01e07080,  free space=1020k
Native frames: (J=compiled Java code, j=interpreted, Vv=VM code, C=native code)
V  [libjvm.so+0x784a95]  VMError::report(outputStream*)+0x1255
V  [libjvm.so+0x784d19]  VMError::report_and_die()+0x169
V  [libjvm.so+0x3bb9da]  report_vm_error(char const*, int, char const*, char const*)+0x4a
V  [libjvm.so+0x351d75]  ClassFileParser::parseClassFile(symbolHandle, Handle, Handle, KlassHandle, GrowableArray<Handle>*, symbolHandle&, bool, Thread*)+0x1545
V  [libjvm.so+0x355fd3]  ClassLoader::load_classfile(symbolHandle, Thread*)+0x1f3
V  [libjvm.so+0x71cc44]  SystemDictionary::load_instance_class(symbolHandle, Handle, Thread*)+0x354
V  [libjvm.so+0x71b350]  SystemDictionary::resolve_instance_class_or_null(symbolHandle, Handle, Handle, Thread*)+0x7c0
V  [libjvm.so+0x71d2d3]  SystemDictionary::resolve_or_fail(symbolHandle, Handle, Handle, bool, Thread*)+0x33
V  [libjvm.so+0x71d3b4]  SystemDictionary::resolve_or_fail(symbolHandle, bool, Thread*)+0x14
V  [libjvm.so+0x71d460]  SystemDictionary::initialize_wk_klass(SystemDictionary::WKID, int, Thread*)+0xa0
V  [libjvm.so+0x71d4c9]  SystemDictionary::initialize_wk_klasses_until(SystemDictionary::WKID, SystemDictionary::WKID&, Thread*)+0x59
V  [libjvm.so+0x71d5c1]  SystemDictionary::initialize_preloaded_classes(Thread*)+0x71
V  [libjvm.so+0x760e4f]  Universe::genesis(Thread*)+0x11f
V  [libjvm.so+0x7617ff]  universe2_init()+0x1f
V  [libjvm.so+0x474b75]  init_globals()+0x95
V  [libjvm.so+0x74b77a]  Threads::create_vm(JavaVMInitArgs*, bool*)+0x1ea
V  [libjvm.so+0x4ce9d1]  JNI_CreateJavaVM+0x61
C  [java+0x317e]  JavaMain+0x7e


---------------  P R O C E S S  ---------------

Java Threads: ( => current thread )

Other Threads:

=>0x00007f0af8008000 (exited) JavaThread "Unknown thread" [_thread_in_vm, id=4040, stack(0x00007f0b01d08000,0x00007f0b01e09000)]

VM state:not at safepoint (not fully initialized)

VM Mutex/Monitor currently owned by a thread: None

Dynamic libraries:
00400000-00409000 r-xp 00000000 08:03 1340283                            /usr/lib/jvm/java-6-openjdk-amd64/jre/bin/java
00608000-00609000 r--p 00008000 08:03 1340283                            /usr/lib/jvm/java-6-openjdk-amd64/jre/bin/java
00609000-0060a000 rw-p 00009000 08:03 1340283                            /usr/lib/jvm/java-6-openjdk-amd64/jre/bin/java
00fbd000-00fde000 rw-p 00000000 00:00 0                                  [heap]
77a400000-77b8c0000 rw-p 00000000 00:00 0 
77b8c0000-784a00000 rw-p 00000000 00:00 0 
784a00000-789c40000 rw-p 00000000 00:00 0 
789c40000-7d6e00000 rw-p 00000000 00:00 0 
7d6e00000-7d9720000 rw-p 00000000 00:00 0 
7d9720000-800000000 rw-p 00000000 00:00 0 
7f0ae8000000-7f0ae8021000 rw-p 00000000 00:00 0 
7f0ae8021000-7f0aec000000 ---p 00000000 00:00 0 
7f0af0000000-7f0af0021000 rw-p 00000000 00:00 0 
7f0af0021000-7f0af4000000 ---p 00000000 00:00 0 
7f0af5000000-7f0af5270000 rwxp 00000000 00:00 0 
7f0af5270000-7f0af807c000 rw-p 00000000 00:00 0 
7f0af807c000-7f0afc000000 ---p 00000000 00:00 0 
7f0afe1a9000-7f0afe26f000 r--s 0116f000 00:14 149514                     /home/froy001/android_development/adt-bundle-linux-x86_64-20130522/sdk/platforms/android-17/android.jar
7f0afe26f000-7f0afe297000 rw-p 00000000 00:00 0 
7f0afe297000-7f0afe298000 ---p 00000000 00:00 0 
7f0afe298000-7f0afe398000 rw-p 00000000 00:00 0 
7f0afe398000-7f0afe399000 ---p 00000000 00:00 0 
7f0afe399000-7f0afe4a4000 rw-p 00000000 00:00 0 
7f0afe4a4000-7f0afe4ec000 rw-p 00000000 00:00 0 
7f0afe4ec000-7f0afe516000 rw-p 00000000 00:00 0 
7f0afe516000-7f0afe77e000 rw-p 00000000 00:00 0 
7f0afe77e000-7f0afe789000 rw-p 00000000 00:00 0 
7f0afe789000-7f0afe7d1000 rw-p 00000000 00:00 0 
7f0afe7d1000-7f0afe7fb000 rw-p 00000000 00:00 0 
7f0afe7fb000-7f0afea63000 rw-p 00000000 00:00 0 
7f0afea63000-7f0afea78000 rw-p 00000000 00:00 0 
7f0afea78000-7f0afebac000 rw-p 00000000 00:00 0 
7f0afebac000-7f0afebad000 rw-p 00000000 00:00 0 
7f0afebad000-7f0afebb4000 r-xp 00000000 08:03 1340282                    /usr/lib/jvm/java-6-openjdk-amd64/jre/lib/amd64/libzip.so
7f0afebb4000-7f0afedb3000 ---p 00007000 08:03 1340282                    /usr/lib/jvm/java-6-openjdk-amd64/jre/lib/amd64/libzip.so
7f0afedb3000-7f0afedb4000 r--p 00006000 08:03 1340282                    /usr/lib/jvm/java-6-openjdk-amd64/jre/lib/amd64/libzip.so
7f0afedb4000-7f0afedb5000 rw-p 00007000 08:03 1340282                    /usr/lib/jvm/java-6-openjdk-amd64/jre/lib/amd64/libzip.so
7f0afedb5000-7f0afedc1000 r-xp 00000000 08:03 2647580                    /lib/x86_64-linux-gnu/libnss_files-2.15.so
7f0afedc1000-7f0afefc0000 ---p 0000c000 08:03 2647580                    /lib/x86_64-linux-gnu/libnss_files-2.15.so
7f0afefc0000-7f0afefc1000 r--p 0000b000 08:03 2647580                    /lib/x86_64-linux-gnu/libnss_files-2.15.so
7f0afefc1000-7f0afefc2000 rw-p 0000c000 08:03 2647580                    /lib/x86_64-linux-gnu/libnss_files-2.15.so
7f0afefc2000-7f0afefcc000 r-xp 00000000 08:03 2647576                    /lib/x86_64-linux-gnu/libnss_nis-2.15.so
7f0afefcc000-7f0aff1cc000 ---p 0000a000 08:03 2647576                    /lib/x86_64-linux-gnu/libnss_nis-2.15.so
7f0aff1cc000-7f0aff1cd000 r--p 0000a000 08:03 2647576                    /lib/x86_64-linux-gnu/libnss_nis-2.15.so
7f0aff1cd000-7f0aff1ce000 rw-p 0000b000 08:03 2647576                    /lib/x86_64-linux-gnu/libnss_nis-2.15.so
7f0aff1ce000-7f0aff1e5000 r-xp 00000000 08:03 2647589                    /lib/x86_64-linux-gnu/libnsl-2.15.so
7f0aff1e5000-7f0aff3e4000 ---p 00017000 08:03 2647589                    /lib/x86_64-linux-gnu/libnsl-2.15.so
7f0aff3e4000-7f0aff3e5000 r--p 00016000 08:03 2647589                    /lib/x86_64-linux-gnu/libnsl-2.15.so
7f0aff3e5000-7f0aff3e6000 rw-p 00017000 08:03 2647589                    /lib/x86_64-linux-gnu/libnsl-2.15.so
7f0aff3e6000-7f0aff3e8000 rw-p 00000000 00:00 0 
7f0aff3e8000-7f0aff3f0000 r-xp 00000000 08:03 2647581                    /lib/x86_64-linux-gnu/libnss_compat-2.15.so
7f0aff3f0000-7f0aff5ef000 ---p 00008000 08:03 2647581                    /lib/x86_64-linux-gnu/libnss_compat-2.15.so
7f0aff5ef000-7f0aff5f0000 r--p 00007000 08:03 2647581                    /lib/x86_64-linux-gnu/libnss_compat-2.15.so
7f0aff5f0000-7f0aff5f1000 rw-p 00008000 08:03 2647581                    /lib/x86_64-linux-gnu/libnss_compat-2.15.so
7f0aff5f1000-7f0aff61d000 r-xp 00000000 08:03 1340268                    /usr/lib/jvm/java-6-openjdk-amd64/jre/lib/amd64/libjava.so
7f0aff61d000-7f0aff81c000 ---p 0002c000 08:03 1340268                    /usr/lib/jvm/java-6-openjdk-amd64/jre/lib/amd64/libjava.so
7f0aff81c000-7f0aff81d000 r--p 0002b000 08:03 1340268                    /usr/lib/jvm/java-6-openjdk-amd64/jre/lib/amd64/libjava.so
7f0aff81d000-7f0aff820000 rw-p 0002c000 08:03 1340268                    /usr/lib/jvm/java-6-openjdk-amd64/jre/lib/amd64/libjava.so
7f0aff820000-7f0aff82e000 r-xp 00000000 08:03 1340267                    /usr/lib/jvm/java-6-openjdk-amd64/jre/lib/amd64/libverify.so
7f0aff82e000-7f0affa2d000 ---p 0000e000 08:03 1340267                    /usr/lib/jvm/java-6-openjdk-amd64/jre/lib/amd64/libverify.so
7f0affa2d000-7f0affa2f000 r--p 0000d000 08:03 1340267                    /usr/lib/jvm/java-6-openjdk-amd64/jre/lib/amd64/libverify.so
7f0affa2f000-7f0affa30000 rw-p 0000f000 08:03 1340267                    /usr/lib/jvm/java-6-openjdk-amd64/jre/lib/amd64/libverify.so
7f0affa30000-7f0affa37000 r-xp 00000000 08:03 2647574                    /lib/x86_64-linux-gnu/librt-2.15.so
7f0affa37000-7f0affc36000 ---p 00007000 08:03 2647574                    /lib/x86_64-linux-gnu/librt-2.15.so
7f0affc36000-7f0affc37000 r--p 00006000 08:03 2647574                    /lib/x86_64-linux-gnu/librt-2.15.so
7f0affc37000-7f0affc38000 rw-p 00007000 08:03 2647574                    /lib/x86_64-linux-gnu/librt-2.15.so
7f0affc38000-7f0affc4d000 r-xp 00000000 08:03 2625091                    /lib/x86_64-linux-gnu/libgcc_s.so.1
7f0affc4d000-7f0affe4c000 ---p 00015000 08:03 2625091                    /lib/x86_64-linux-gnu/libgcc_s.so.1
7f0affe4c000-7f0affe4d000 r--p 00014000 08:03 2625091                    /lib/x86_64-linux-gnu/libgcc_s.so.1
7f0affe4d000-7f0affe4e000 rw-p 00015000 08:03 2625091                    /lib/x86_64-linux-gnu/libgcc_s.so.1
7f0affe4e000-7f0afff49000 r-xp 00000000 08:03 2647578                    /lib/x86_64-linux-gnu/libm-2.15.so
7f0afff49000-7f0b00148000 ---p 000fb000 08:03 2647578                    /lib/x86_64-linux-gnu/libm-2.15.so
7f0b00148000-7f0b00149000 r--p 000fa000 08:03 2647578                    /lib/x86_64-linux-gnu/libm-2.15.so
7f0b00149000-7f0b0014a000 rw-p 000fb000 08:03 2647578                    /lib/x86_64-linux-gnu/libm-2.15.so
7f0b0014a000-7f0b0022c000 r-xp 00000000 08:03 663359                     /usr/lib/x86_64-linux-gnu/libstdc++.so.6.0.16
7f0b0022c000-7f0b0042b000 ---p 000e2000 08:03 663359                     /usr/lib/x86_64-linux-gnu/libstdc++.so.6.0.16
7f0b0042b000-7f0b00433000 r--p 000e1000 08:03 663359                     /usr/lib/x86_64-linux-gnu/libstdc++.so.6.0.16
7f0b00433000-7f0b00435000 rw-p 000e9000 08:03 663359                     /usr/lib/x86_64-linux-gnu/libstdc++.so.6.0.16
7f0b00435000-7f0b0044a000 rw-p 00000000 00:00 0 
7f0b0044a000-7f0b00d4f000 r-xp 00000000 08:03 1340272                    /usr/lib/jvm/java-6-openjdk-amd64/jre/lib/amd64/server/libjvm.so
7f0b00d4f000-7f0b00f4e000 ---p 00905000 08:03 1340272                    /usr/lib/jvm/java-6-openjdk-amd64/jre/lib/amd64/server/libjvm.so
7f0b00f4e000-7f0b00fcf000 r--p 00904000 08:03 1340272                    /usr/lib/jvm/java-6-openjdk-amd64/jre/lib/amd64/server/libjvm.so
7f0b00fcf000-7f0b00fea000 rw-p 00985000 08:03 1340272                    /usr/lib/jvm/java-6-openjdk-amd64/jre/lib/amd64/server/libjvm.so
7f0b00fea000-7f0b01013000 rw-p 00000000 00:00 0 
7f0b01013000-7f0b01029000 r-xp 00000000 08:03 2625181                    /lib/x86_64-linux-gnu/libz.so.1.2.3.4
7f0b01029000-7f0b01228000 ---p 00016000 08:03 2625181                    /lib/x86_64-linux-gnu/libz.so.1.2.3.4
7f0b01228000-7f0b01229000 r--p 00015000 08:03 2625181                    /lib/x86_64-linux-gnu/libz.so.1.2.3.4
7f0b01229000-7f0b0122a000 rw-p 00016000 08:03 2625181                    /lib/x86_64-linux-gnu/libz.so.1.2.3.4
7f0b0122a000-7f0b013df000 r-xp 00000000 08:03 2647570                    /lib/x86_64-linux-gnu/libc-2.15.so
7f0b013df000-7f0b015de000 ---p 001b5000 08:03 2647570                    /lib/x86_64-linux-gnu/libc-2.15.so
7f0b015de000-7f0b015e2000 r--p 001b4000 08:03 2647570                    /lib/x86_64-linux-gnu/libc-2.15.so
7f0b015e2000-7f0b015e4000 rw-p 001b8000 08:03 2647570                    /lib/x86_64-linux-gnu/libc-2.15.so
7f0b015e4000-7f0b015e9000 rw-p 00000000 00:00 0 
7f0b015e9000-7f0b015eb000 r-xp 00000000 08:03 2647569                    /lib/x86_64-linux-gnu/libdl-2.15.so
7f0b015eb000-7f0b017eb000 ---p 00002000 08:03 2647569                    /lib/x86_64-linux-gnu/libdl-2.15.so
7f0b017eb000-7f0b017ec000 r--p 00002000 08:03 2647569                    /lib/x86_64-linux-gnu/libdl-2.15.so
7f0b017ec000-7f0b017ed000 rw-p 00003000 08:03 2647569                    /lib/x86_64-linux-gnu/libdl-2.15.so
7f0b017ed000-7f0b017f1000 r-xp 00000000 08:03 1332577                    /usr/lib/jvm/java-6-openjdk-amd64/jre/lib/amd64/jli/libjli.so
7f0b017f1000-7f0b019f0000 ---p 00004000 08:03 1332577                    /usr/lib/jvm/java-6-openjdk-amd64/jre/lib/amd64/jli/libjli.so
7f0b019f0000-7f0b019f1000 r--p 00003000 08:03 1332577                    /usr/lib/jvm/java-6-openjdk-amd64/jre/lib/amd64/jli/libjli.so
7f0b019f1000-7f0b019f2000 rw-p 00004000 08:03 1332577                    /usr/lib/jvm/java-6-openjdk-amd64/jre/lib/amd64/jli/libjli.so
7f0b019f2000-7f0b01a0a000 r-xp 00000000 08:03 2647572                    /lib/x86_64-linux-gnu/libpthread-2.15.so
7f0b01a0a000-7f0b01c09000 ---p 00018000 08:03 2647572                    /lib/x86_64-linux-gnu/libpthread-2.15.so
7f0b01c09000-7f0b01c0a000 r--p 00017000 08:03 2647572                    /lib/x86_64-linux-gnu/libpthread-2.15.so
7f0b01c0a000-7f0b01c0b000 rw-p 00018000 08:03 2647572                    /lib/x86_64-linux-gnu/libpthread-2.15.so
7f0b01c0b000-7f0b01c0f000 rw-p 00000000 00:00 0 
7f0b01c0f000-7f0b01c31000 r-xp 00000000 08:03 2647584                    /lib/x86_64-linux-gnu/ld-2.15.so
7f0b01c48000-7f0b01c52000 rw-p 00000000 00:00 0 
7f0b01c52000-7f0b01d08000 rw-p 00000000 00:00 0 
7f0b01d08000-7f0b01d0b000 ---p 00000000 00:00 0 
7f0b01d0b000-7f0b01e0e000 rw-p 00000000 00:00 0 
7f0b01e25000-7f0b01e2d000 rw-s 00000000 08:03 529379                     /tmp/hsperfdata_froy001/4037
7f0b01e2d000-7f0b01e2e000 rw-p 00000000 00:00 0 
7f0b01e2e000-7f0b01e2f000 r--p 00000000 00:00 0 
7f0b01e2f000-7f0b01e31000 rw-p 00000000 00:00 0 
7f0b01e31000-7f0b01e32000 r--p 00022000 08:03 2647584                    /lib/x86_64-linux-gnu/ld-2.15.so
7f0b01e32000-7f0b01e34000 rw-p 00023000 08:03 2647584                    /lib/x86_64-linux-gnu/ld-2.15.so
7fff07cce000-7fff07cef000 rw-p 00000000 00:00 0                          [stack]
7fff07dd3000-7fff07dd4000 r-xp 00000000 00:00 0                          [vdso]
ffffffffff600000-ffffffffff601000 r-xp 00000000 00:00 0                  [vsyscall]

VM Arguments:
jvm_args: -Dfile.encoding=UTF-8 -Xbootclasspath:/home/froy001/android_development/adt-bundle-linux-x86_64-20130522/sdk/platforms/android-17/android.jar 
java_command: com.froy.magicalitem.db.gn.MagicItemScemaGenerator
Launcher Type: SUN_STANDARD

Environment Variables:
PATH=/usr/games:/usr/lib/lightdm/lightdm:/usr/local/sbin:/usr/local/bin:/usr/sbin:/usr/bin:/sbin:/bin:/usr/games
LD_LIBRARY_PATH=/usr/lib/jvm/java-6-openjdk-amd64/jre/lib/amd64/server:/usr/lib/jvm/java-6-openjdk-amd64/jre/lib/amd64:/usr/lib/jvm/java-6-openjdk-amd64/jre/../lib/amd64
SHELL=/bin/bash
DISPLAY=:0

Signal Handlers:
SIGSEGV: [libjvm.so+0x7856d0], sa_mask[0]=0x7ffbfeff, sa_flags=0x10000004
SIGBUS: [libjvm.so+0x7856d0], sa_mask[0]=0x7ffbfeff, sa_flags=0x10000004
SIGFPE: [libjvm.so+0x649250], sa_mask[0]=0x7ffbfeff, sa_flags=0x10000004
SIGPIPE: [libjvm.so+0x649250], sa_mask[0]=0x7ffbfeff, sa_flags=0x10000004
SIGXFSZ: [libjvm.so+0x649250], sa_mask[0]=0x7ffbfeff, sa_flags=0x10000004
SIGILL: [libjvm.so+0x649250], sa_mask[0]=0x7ffbfeff, sa_flags=0x10000004
SIGUSR1: SIG_DFL, sa_mask[0]=0x00000000, sa_flags=0x00000000
SIGUSR2: [libjvm.so+0x649430], sa_mask[0]=0x00000004, sa_flags=0x10000004
SIGHUP: SIG_DFL, sa_mask[0]=0x00000000, sa_flags=0x00000000
SIGINT: SIG_DFL, sa_mask[0]=0x00000000, sa_flags=0x00000000
SIGTERM: SIG_DFL, sa_mask[0]=0x00000000, sa_flags=0x00000000
SIGQUIT: SIG_DFL, sa_mask[0]=0x00000000, sa_flags=0x00000000


---------------  S Y S T E M  ---------------

OS:Ubuntu 12.04 (precise)
uname:Linux 3.2.0-49-generic #75-Ubuntu SMP Tue Jun 18 17:39:32 UTC 2013 x86_64
libc:glibc 2.15 NPTL 2.15 
rlimit: STACK 8192k, CORE 0k, NPROC 62972, NOFILE 4096, AS infinity
load average:0.43 0.42 0.51

/proc/meminfo:
MemTotal:        8084572 kB
MemFree:         4009808 kB
Buffers:          164952 kB
Cached:          1975240 kB
SwapCached:            0 kB
Active:          2154432 kB
Inactive:        1601296 kB
Active(anon):    1618808 kB
Inactive(anon):   329420 kB
Active(file):     535624 kB
Inactive(file):  1271876 kB
Unevictable:         120 kB
Mlocked:             120 kB
SwapTotal:       8190972 kB
SwapFree:        8190972 kB
Dirty:               204 kB
Writeback:             0 kB
AnonPages:       1615836 kB
Mapped:           203832 kB
Shmem:            332692 kB
Slab:             151532 kB
SReclaimable:      92288 kB
SUnreclaim:        59244 kB
KernelStack:        4208 kB
PageTables:        43940 kB
NFS_Unstable:          0 kB
Bounce:                0 kB
WritebackTmp:          0 kB
CommitLimit:    12233256 kB
Committed_AS:    5124944 kB
VmallocTotal:   34359738367 kB
VmallocUsed:      372244 kB
VmallocChunk:   34359359064 kB
HardwareCorrupted:     0 kB
AnonHugePages:         0 kB
HugePages_Total:       0
HugePages_Free:        0
HugePages_Rsvd:        0
HugePages_Surp:        0
Hugepagesize:       2048 kB
DirectMap4k:       72432 kB
DirectMap2M:     8228864 kB


CPU:total 2 (2 cores per cpu, 1 threads per core) family 6 model 42 stepping 7, cmov, cx8, fxsr, mmx, sse, sse2, sse3, ssse3, sse4.1, sse4.2, popcnt

Memory: 4k page, physical 8084572k(4009808k free), swap 8190972k(8190972k free)

vm_info: OpenJDK 64-Bit Server VM (20.0-b12) for linux-amd64 JRE (1.6.0_27-b27), built on Apr 25 2013 14:56:54 by "buildd" with gcc 4.6.3

time: Tue Jul 23 22:31:45 2013
elapsed time: 0 seconds

