#
# A fatal error has been detected by the Java Runtime Environment:
#
#  Internal Error (classFileParser.cpp:3494), pid=3989, tid=139874455365376
#  Error: ShouldNotReachHere()
#
# JRE version: 6.0_27-b27
# Java VM: OpenJDK 64-Bit Server VM (20.0-b12 mixed mode linux-amd64 compressed oops)
# Derivative: IcedTea6 1.12.5
# Distribution: Ubuntu 12.04 LTS, package 6b27-1.12.5-0ubuntu0.12.04.1
# If you would like to submit a bug report, please include
# instructions how to reproduce the bug and visit:
#   https://bugs.launchpad.net/ubuntu/+source/openjdk-6/
#

---------------  T H R E A D  ---------------

Current thread (0x00007f3708008000):  JavaThread "Unknown thread" [_thread_in_vm, id=3992, stack(0x00007f370f29a000,0x00007f370f39b000)]

Stack: [0x00007f370f29a000,0x00007f370f39b000],  sp=0x00007f370f399080,  free space=1020k
Native frames: (J=compiled Java code, j=interpreted, Vv=VM code, C=native code)
V  [libjvm.so+0x784a95]  VMError::report(outputStream*)+0x1255
V  [libjvm.so+0x784d19]  VMError::report_and_die()+0x169
V  [libjvm.so+0x3bb9da]  report_vm_error(char const*, int, char const*, char const*)+0x4a
V  [libjvm.so+0x351d75]  ClassFileParser::parseClassFile(symbolHandle, Handle, Handle, KlassHandle, GrowableArray<Handle>*, symbolHandle&, bool, Thread*)+0x1545
V  [libjvm.so+0x355fd3]  ClassLoader::load_classfile(symbolHandle, Thread*)+0x1f3
V  [libjvm.so+0x71cc44]  SystemDictionary::load_instance_class(symbolHandle, Handle, Thread*)+0x354
V  [libjvm.so+0x71b350]  SystemDictionary::resolve_instance_class_or_null(symbolHandle, Handle, Handle, Thread*)+0x7c0
V  [libjvm.so+0x71d2d3]  SystemDictionary::resolve_or_fail(symbolHandle, Handle, Handle, bool, Thread*)+0x33
V  [libjvm.so+0x71d3b4]  SystemDictionary::resolve_or_fail(symbolHandle, bool, Thread*)+0x14
V  [libjvm.so+0x71d460]  SystemDictionary::initialize_wk_klass(SystemDictionary::WKID, int, Thread*)+0xa0
V  [libjvm.so+0x71d4c9]  SystemDictionary::initialize_wk_klasses_until(SystemDictionary::WKID, SystemDictionary::WKID&, Thread*)+0x59
V  [libjvm.so+0x71d5c1]  SystemDictionary::initialize_preloaded_classes(Thread*)+0x71
V  [libjvm.so+0x760e4f]  Universe::genesis(Thread*)+0x11f
V  [libjvm.so+0x7617ff]  universe2_init()+0x1f
V  [libjvm.so+0x474b75]  init_globals()+0x95
V  [libjvm.so+0x74b77a]  Threads::create_vm(JavaVMInitArgs*, bool*)+0x1ea
V  [libjvm.so+0x4ce9d1]  JNI_CreateJavaVM+0x61
C  [java+0x317e]  JavaMain+0x7e


---------------  P R O C E S S  ---------------

Java Threads: ( => current thread )

Other Threads:

=>0x00007f3708008000 (exited) JavaThread "Unknown thread" [_thread_in_vm, id=3992, stack(0x00007f370f29a000,0x00007f370f39b000)]

VM state:not at safepoint (not fully initialized)

VM Mutex/Monitor currently owned by a thread: None

Dynamic libraries:
00400000-00409000 r-xp 00000000 08:03 1340283                            /usr/lib/jvm/java-6-openjdk-amd64/jre/bin/java
00608000-00609000 r--p 00008000 08:03 1340283                            /usr/lib/jvm/java-6-openjdk-amd64/jre/bin/java
00609000-0060a000 rw-p 00009000 08:03 1340283                            /usr/lib/jvm/java-6-openjdk-amd64/jre/bin/java
01a5e000-01a7f000 rw-p 00000000 00:00 0                                  [heap]
77a400000-77b8c0000 rw-p 00000000 00:00 0 
77b8c0000-784a00000 rw-p 00000000 00:00 0 
784a00000-789c40000 rw-p 00000000 00:00 0 
789c40000-7d6e00000 rw-p 00000000 00:00 0 
7d6e00000-7d9720000 rw-p 00000000 00:00 0 
7d9720000-800000000 rw-p 00000000 00:00 0 
7f36f8000000-7f36f8021000 rw-p 00000000 00:00 0 
7f36f8021000-7f36fc000000 ---p 00000000 00:00 0 
7f3700000000-7f3700021000 rw-p 00000000 00:00 0 
7f3700021000-7f3704000000 ---p 00000000 00:00 0 
7f3704677000-7f370473d000 r--s 0116f000 00:14 149514                     /home/froy001/android_development/adt-bundle-linux-x86_64-20130522/sdk/platforms/android-17/android.jar
7f370473d000-7f370473e000 ---p 00000000 00:00 0 
7f370473e000-7f370483e000 rw-p 00000000 00:00 0 
7f370483e000-7f370483f000 ---p 00000000 00:00 0 
7f370483f000-7f3704969000 rw-p 00000000 00:00 0 
7f3704969000-7f3704bd1000 rw-p 00000000 00:00 0 
7f3704bd1000-7f3704bdc000 rw-p 00000000 00:00 0 
7f3704bdc000-7f3704c24000 rw-p 00000000 00:00 0 
7f3704c24000-7f3704c4e000 rw-p 00000000 00:00 0 
7f3704c4e000-7f3704eb6000 rw-p 00000000 00:00 0 
7f3704eb6000-7f3704ecb000 rw-p 00000000 00:00 0 
7f3704ecb000-7f3704fff000 rw-p 00000000 00:00 0 
7f3704fff000-7f3705000000 rw-p 00000000 00:00 0 
7f3705000000-7f3705270000 rwxp 00000000 00:00 0 
7f3705270000-7f370807c000 rw-p 00000000 00:00 0 
7f370807c000-7f370c000000 ---p 00000000 00:00 0 
7f370c0c4000-7f370c0f7000 rw-p 00000000 00:00 0 
7f370c0f7000-7f370c13f000 rw-p 00000000 00:00 0 
7f370c13f000-7f370c146000 r-xp 00000000 08:03 1340282                    /usr/lib/jvm/java-6-openjdk-amd64/jre/lib/amd64/libzip.so
7f370c146000-7f370c345000 ---p 00007000 08:03 1340282                    /usr/lib/jvm/java-6-openjdk-amd64/jre/lib/amd64/libzip.so
7f370c345000-7f370c346000 r--p 00006000 08:03 1340282                    /usr/lib/jvm/java-6-openjdk-amd64/jre/lib/amd64/libzip.so
7f370c346000-7f370c347000 rw-p 00007000 08:03 1340282                    /usr/lib/jvm/java-6-openjdk-amd64/jre/lib/amd64/libzip.so
7f370c347000-7f370c353000 r-xp 00000000 08:03 2647580                    /lib/x86_64-linux-gnu/libnss_files-2.15.so
7f370c353000-7f370c552000 ---p 0000c000 08:03 2647580                    /lib/x86_64-linux-gnu/libnss_files-2.15.so
7f370c552000-7f370c553000 r--p 0000b000 08:03 2647580                    /lib/x86_64-linux-gnu/libnss_files-2.15.so
7f370c553000-7f370c554000 rw-p 0000c000 08:03 2647580                    /lib/x86_64-linux-gnu/libnss_files-2.15.so
7f370c554000-7f370c55e000 r-xp 00000000 08:03 2647576                    /lib/x86_64-linux-gnu/libnss_nis-2.15.so
7f370c55e000-7f370c75e000 ---p 0000a000 08:03 2647576                    /lib/x86_64-linux-gnu/libnss_nis-2.15.so
7f370c75e000-7f370c75f000 r--p 0000a000 08:03 2647576                    /lib/x86_64-linux-gnu/libnss_nis-2.15.so
7f370c75f000-7f370c760000 rw-p 0000b000 08:03 2647576                    /lib/x86_64-linux-gnu/libnss_nis-2.15.so
7f370c760000-7f370c777000 r-xp 00000000 08:03 2647589                    /lib/x86_64-linux-gnu/libnsl-2.15.so
7f370c777000-7f370c976000 ---p 00017000 08:03 2647589                    /lib/x86_64-linux-gnu/libnsl-2.15.so
7f370c976000-7f370c977000 r--p 00016000 08:03 2647589                    /lib/x86_64-linux-gnu/libnsl-2.15.so
7f370c977000-7f370c978000 rw-p 00017000 08:03 2647589                    /lib/x86_64-linux-gnu/libnsl-2.15.so
7f370c978000-7f370c97a000 rw-p 00000000 00:00 0 
7f370c97a000-7f370c982000 r-xp 00000000 08:03 2647581                    /lib/x86_64-linux-gnu/libnss_compat-2.15.so
7f370c982000-7f370cb81000 ---p 00008000 08:03 2647581                    /lib/x86_64-linux-gnu/libnss_compat-2.15.so
7f370cb81000-7f370cb82000 r--p 00007000 08:03 2647581                    /lib/x86_64-linux-gnu/libnss_compat-2.15.so
7f370cb82000-7f370cb83000 rw-p 00008000 08:03 2647581                    /lib/x86_64-linux-gnu/libnss_compat-2.15.so
7f370cb83000-7f370cbaf000 r-xp 00000000 08:03 1340268                    /usr/lib/jvm/java-6-openjdk-amd64/jre/lib/amd64/libjava.so
7f370cbaf000-7f370cdae000 ---p 0002c000 08:03 1340268                    /usr/lib/jvm/java-6-openjdk-amd64/jre/lib/amd64/libjava.so
7f370cdae000-7f370cdaf000 r--p 0002b000 08:03 1340268                    /usr/lib/jvm/java-6-openjdk-amd64/jre/lib/amd64/libjava.so
7f370cdaf000-7f370cdb2000 rw-p 0002c000 08:03 1340268                    /usr/lib/jvm/java-6-openjdk-amd64/jre/lib/amd64/libjava.so
7f370cdb2000-7f370cdc0000 r-xp 00000000 08:03 1340267                    /usr/lib/jvm/java-6-openjdk-amd64/jre/lib/amd64/libverify.so
7f370cdc0000-7f370cfbf000 ---p 0000e000 08:03 1340267                    /usr/lib/jvm/java-6-openjdk-amd64/jre/lib/amd64/libverify.so
7f370cfbf000-7f370cfc1000 r--p 0000d000 08:03 1340267                    /usr/lib/jvm/java-6-openjdk-amd64/jre/lib/amd64/libverify.so
7f370cfc1000-7f370cfc2000 rw-p 0000f000 08:03 1340267                    /usr/lib/jvm/java-6-openjdk-amd64/jre/lib/amd64/libverify.so
7f370cfc2000-7f370cfc9000 r-xp 00000000 08:03 2647574                    /lib/x86_64-linux-gnu/librt-2.15.so
7f370cfc9000-7f370d1c8000 ---p 00007000 08:03 2647574                    /lib/x86_64-linux-gnu/librt-2.15.so
7f370d1c8000-7f370d1c9000 r--p 00006000 08:03 2647574                    /lib/x86_64-linux-gnu/librt-2.15.so
7f370d1c9000-7f370d1ca000 rw-p 00007000 08:03 2647574                    /lib/x86_64-linux-gnu/librt-2.15.so
7f370d1ca000-7f370d1df000 r-xp 00000000 08:03 2625091                    /lib/x86_64-linux-gnu/libgcc_s.so.1
7f370d1df000-7f370d3de000 ---p 00015000 08:03 2625091                    /lib/x86_64-linux-gnu/libgcc_s.so.1
7f370d3de000-7f370d3df000 r--p 00014000 08:03 2625091                    /lib/x86_64-linux-gnu/libgcc_s.so.1
7f370d3df000-7f370d3e0000 rw-p 00015000 08:03 2625091                    /lib/x86_64-linux-gnu/libgcc_s.so.1
7f370d3e0000-7f370d4db000 r-xp 00000000 08:03 2647578                    /lib/x86_64-linux-gnu/libm-2.15.so
7f370d4db000-7f370d6da000 ---p 000fb000 08:03 2647578                    /lib/x86_64-linux-gnu/libm-2.15.so
7f370d6da000-7f370d6db000 r--p 000fa000 08:03 2647578                    /lib/x86_64-linux-gnu/libm-2.15.so
7f370d6db000-7f370d6dc000 rw-p 000fb000 08:03 2647578                    /lib/x86_64-linux-gnu/libm-2.15.so
7f370d6dc000-7f370d7be000 r-xp 00000000 08:03 663359                     /usr/lib/x86_64-linux-gnu/libstdc++.so.6.0.16
7f370d7be000-7f370d9bd000 ---p 000e2000 08:03 663359                     /usr/lib/x86_64-linux-gnu/libstdc++.so.6.0.16
7f370d9bd000-7f370d9c5000 r--p 000e1000 08:03 663359                     /usr/lib/x86_64-linux-gnu/libstdc++.so.6.0.16
7f370d9c5000-7f370d9c7000 rw-p 000e9000 08:03 663359                     /usr/lib/x86_64-linux-gnu/libstdc++.so.6.0.16
7f370d9c7000-7f370d9dc000 rw-p 00000000 00:00 0 
7f370d9dc000-7f370e2e1000 r-xp 00000000 08:03 1340272                    /usr/lib/jvm/java-6-openjdk-amd64/jre/lib/amd64/server/libjvm.so
7f370e2e1000-7f370e4e0000 ---p 00905000 08:03 1340272                    /usr/lib/jvm/java-6-openjdk-amd64/jre/lib/amd64/server/libjvm.so
7f370e4e0000-7f370e561000 r--p 00904000 08:03 1340272                    /usr/lib/jvm/java-6-openjdk-amd64/jre/lib/amd64/server/libjvm.so
7f370e561000-7f370e57c000 rw-p 00985000 08:03 1340272                    /usr/lib/jvm/java-6-openjdk-amd64/jre/lib/amd64/server/libjvm.so
7f370e57c000-7f370e5a5000 rw-p 00000000 00:00 0 
7f370e5a5000-7f370e5bb000 r-xp 00000000 08:03 2625181                    /lib/x86_64-linux-gnu/libz.so.1.2.3.4
7f370e5bb000-7f370e7ba000 ---p 00016000 08:03 2625181                    /lib/x86_64-linux-gnu/libz.so.1.2.3.4
7f370e7ba000-7f370e7bb000 r--p 00015000 08:03 2625181                    /lib/x86_64-linux-gnu/libz.so.1.2.3.4
7f370e7bb000-7f370e7bc000 rw-p 00016000 08:03 2625181                    /lib/x86_64-linux-gnu/libz.so.1.2.3.4
7f370e7bc000-7f370e971000 r-xp 00000000 08:03 2647570                    /lib/x86_64-linux-gnu/libc-2.15.so
7f370e971000-7f370eb70000 ---p 001b5000 08:03 2647570                    /lib/x86_64-linux-gnu/libc-2.15.so
7f370eb70000-7f370eb74000 r--p 001b4000 08:03 2647570                    /lib/x86_64-linux-gnu/libc-2.15.so
7f370eb74000-7f370eb76000 rw-p 001b8000 08:03 2647570                    /lib/x86_64-linux-gnu/libc-2.15.so
7f370eb76000-7f370eb7b000 rw-p 00000000 00:00 0 
7f370eb7b000-7f370eb7d000 r-xp 00000000 08:03 2647569                    /lib/x86_64-linux-gnu/libdl-2.15.so
7f370eb7d000-7f370ed7d000 ---p 00002000 08:03 2647569                    /lib/x86_64-linux-gnu/libdl-2.15.so
7f370ed7d000-7f370ed7e000 r--p 00002000 08:03 2647569                    /lib/x86_64-linux-gnu/libdl-2.15.so
7f370ed7e000-7f370ed7f000 rw-p 00003000 08:03 2647569                    /lib/x86_64-linux-gnu/libdl-2.15.so
7f370ed7f000-7f370ed83000 r-xp 00000000 08:03 1332577                    /usr/lib/jvm/java-6-openjdk-amd64/jre/lib/amd64/jli/libjli.so
7f370ed83000-7f370ef82000 ---p 00004000 08:03 1332577                    /usr/lib/jvm/java-6-openjdk-amd64/jre/lib/amd64/jli/libjli.so
7f370ef82000-7f370ef83000 r--p 00003000 08:03 1332577                    /usr/lib/jvm/java-6-openjdk-amd64/jre/lib/amd64/jli/libjli.so
7f370ef83000-7f370ef84000 rw-p 00004000 08:03 1332577                    /usr/lib/jvm/java-6-openjdk-amd64/jre/lib/amd64/jli/libjli.so
7f370ef84000-7f370ef9c000 r-xp 00000000 08:03 2647572                    /lib/x86_64-linux-gnu/libpthread-2.15.so
7f370ef9c000-7f370f19b000 ---p 00018000 08:03 2647572                    /lib/x86_64-linux-gnu/libpthread-2.15.so
7f370f19b000-7f370f19c000 r--p 00017000 08:03 2647572                    /lib/x86_64-linux-gnu/libpthread-2.15.so
7f370f19c000-7f370f19d000 rw-p 00018000 08:03 2647572                    /lib/x86_64-linux-gnu/libpthread-2.15.so
7f370f19d000-7f370f1a1000 rw-p 00000000 00:00 0 
7f370f1a1000-7f370f1c3000 r-xp 00000000 08:03 2647584                    /lib/x86_64-linux-gnu/ld-2.15.so
7f370f1da000-7f370f1e4000 rw-p 00000000 00:00 0 
7f370f1e4000-7f370f29a000 rw-p 00000000 00:00 0 
7f370f29a000-7f370f29d000 ---p 00000000 00:00 0 
7f370f29d000-7f370f3a0000 rw-p 00000000 00:00 0 
7f370f3b7000-7f370f3bf000 rw-s 00000000 08:03 529379                     /tmp/hsperfdata_froy001/3989
7f370f3bf000-7f370f3c0000 rw-p 00000000 00:00 0 
7f370f3c0000-7f370f3c1000 r--p 00000000 00:00 0 
7f370f3c1000-7f370f3c3000 rw-p 00000000 00:00 0 
7f370f3c3000-7f370f3c4000 r--p 00022000 08:03 2647584                    /lib/x86_64-linux-gnu/ld-2.15.so
7f370f3c4000-7f370f3c6000 rw-p 00023000 08:03 2647584                    /lib/x86_64-linux-gnu/ld-2.15.so
7fff96485000-7fff964a6000 rw-p 00000000 00:00 0                          [stack]
7fff964da000-7fff964db000 r-xp 00000000 00:00 0                          [vdso]
ffffffffff600000-ffffffffff601000 r-xp 00000000 00:00 0                  [vsyscall]

VM Arguments:
jvm_args: -Dfile.encoding=UTF-8 -Xbootclasspath:/home/froy001/android_development/adt-bundle-linux-x86_64-20130522/sdk/platforms/android-17/android.jar 
java_command: com.froy.magicalitem.db.gn.SchemaGenerator
Launcher Type: SUN_STANDARD

Environment Variables:
PATH=/usr/games:/usr/lib/lightdm/lightdm:/usr/local/sbin:/usr/local/bin:/usr/sbin:/usr/bin:/sbin:/bin:/usr/games
LD_LIBRARY_PATH=/usr/lib/jvm/java-6-openjdk-amd64/jre/lib/amd64/server:/usr/lib/jvm/java-6-openjdk-amd64/jre/lib/amd64:/usr/lib/jvm/java-6-openjdk-amd64/jre/../lib/amd64
SHELL=/bin/bash
DISPLAY=:0

Signal Handlers:
SIGSEGV: [libjvm.so+0x7856d0], sa_mask[0]=0x7ffbfeff, sa_flags=0x10000004
SIGBUS: [libjvm.so+0x7856d0], sa_mask[0]=0x7ffbfeff, sa_flags=0x10000004
SIGFPE: [libjvm.so+0x649250], sa_mask[0]=0x7ffbfeff, sa_flags=0x10000004
SIGPIPE: [libjvm.so+0x649250], sa_mask[0]=0x7ffbfeff, sa_flags=0x10000004
SIGXFSZ: [libjvm.so+0x649250], sa_mask[0]=0x7ffbfeff, sa_flags=0x10000004
SIGILL: [libjvm.so+0x649250], sa_mask[0]=0x7ffbfeff, sa_flags=0x10000004
SIGUSR1: SIG_DFL, sa_mask[0]=0x00000000, sa_flags=0x00000000
SIGUSR2: [libjvm.so+0x649430], sa_mask[0]=0x00000004, sa_flags=0x10000004
SIGHUP: SIG_DFL, sa_mask[0]=0x00000000, sa_flags=0x00000000
SIGINT: SIG_DFL, sa_mask[0]=0x00000000, sa_flags=0x00000000
SIGTERM: SIG_DFL, sa_mask[0]=0x00000000, sa_flags=0x00000000
SIGQUIT: SIG_DFL, sa_mask[0]=0x00000000, sa_flags=0x00000000


---------------  S Y S T E M  ---------------

OS:Ubuntu 12.04 (precise)
uname:Linux 3.2.0-49-generic #75-Ubuntu SMP Tue Jun 18 17:39:32 UTC 2013 x86_64
libc:glibc 2.15 NPTL 2.15 
rlimit: STACK 8192k, CORE 0k, NPROC 62972, NOFILE 4096, AS infinity
load average:0.44 0.45 0.53

/proc/meminfo:
MemTotal:        8084572 kB
MemFree:         3976304 kB
Buffers:          164820 kB
Cached:          1974852 kB
SwapCached:            0 kB
Active:          2187420 kB
Inactive:        1600844 kB
Active(anon):    1651868 kB
Inactive(anon):   329076 kB
Active(file):     535552 kB
Inactive(file):  1271768 kB
Unevictable:         120 kB
Mlocked:             120 kB
SwapTotal:       8190972 kB
SwapFree:        8190972 kB
Dirty:               652 kB
Writeback:             0 kB
AnonPages:       1648840 kB
Mapped:           202380 kB
Shmem:            332176 kB
Slab:             151620 kB
SReclaimable:      92264 kB
SUnreclaim:        59356 kB
KernelStack:        4248 kB
PageTables:        44228 kB
NFS_Unstable:          0 kB
Bounce:                0 kB
WritebackTmp:          0 kB
CommitLimit:    12233256 kB
Committed_AS:    5147752 kB
VmallocTotal:   34359738367 kB
VmallocUsed:      372244 kB
VmallocChunk:   34359359280 kB
HardwareCorrupted:     0 kB
AnonHugePages:         0 kB
HugePages_Total:       0
HugePages_Free:        0
HugePages_Rsvd:        0
HugePages_Surp:        0
Hugepagesize:       2048 kB
DirectMap4k:       72432 kB
DirectMap2M:     8228864 kB


CPU:total 2 (2 cores per cpu, 1 threads per core) family 6 model 42 stepping 7, cmov, cx8, fxsr, mmx, sse, sse2, sse3, ssse3, sse4.1, sse4.2, popcnt

Memory: 4k page, physical 8084572k(3976304k free), swap 8190972k(8190972k free)

vm_info: OpenJDK 64-Bit Server VM (20.0-b12) for linux-amd64 JRE (1.6.0_27-b27), built on Apr 25 2013 14:56:54 by "buildd" with gcc 4.6.3

time: Tue Jul 23 22:30:12 2013
elapsed time: 0 seconds

